<?xml version="1.0" encoding="UTF-8"?>
<!-- Generated by org.testng.reporters.JUnitReportReporter -->
<testsuite hostname="mindc1d375" failures="0" tests="1" name="com.runner.MainClass" time="58.932" errors="0" timestamp="2022-05-20T15:09:47 IST" skipped="0">
  <testcase classname="com.runner.MainClass" name="newOne" time="58.932"/>
  <system-out/>
</testsuite> <!-- com.runner.MainClass -->
